time="2024-07-19T09:40:20Z" level=warning msg="Token: ODU0ODE5OGYTYJLINI0ZYZM5LWFJZGMTYMU2NJKXZJGZNZNM\n"
time="2024-07-19T09:40:20Z" level=info msg="User is successfully checked."
time="2024-07-19T09:40:27Z" level=warning msg="Token: ODU0ODE5OGYTYJLINI0ZYZM5LWFJZGMTYMU2NJKXZJGZNZNM\n"
time="2024-07-19T09:40:27Z" level=info msg="User is successfully checked."
time="2024-07-19T09:40:36Z" level=warning msg="Token: ODU0ODE5OGYTYJLINI0ZYZM5LWFJZGMTYMU2NJKXZJGZNZNM\n"
time="2024-07-19T09:40:36Z" level=warning msg="Could not check user: user not found\n"
time="2024-07-19T09:40:44Z" level=warning msg="Token: ODU0ODE5OGYTYJLINI0ZYZM5LWFJZGMTYMU2NJKXZJGZNZNM\n"
time="2024-07-19T09:40:44Z" level=warning msg="Could not check user: user not found\n"
time="2024-07-19T09:59:22Z" level=error msg="Error add user error checking if user exists: number of field descriptions must equal number of destinations, got 2 and 1\n" error="error checking if user exists: number of field descriptions must equal number of destinations, got 2 and 1"
time="2024-07-19T09:59:45Z" level=info msg="User successfuly created"
time="2024-07-19T09:59:59Z" level=error msg="Error add user error checking if user exists: number of field descriptions must equal number of destinations, got 2 and 1\n" error="error checking if user exists: number of field descriptions must equal number of destinations, got 2 and 1"
time="2024-07-19T10:00:23Z" level=info msg="User successfuly deleted"
time="2024-07-19T10:00:55Z" level=warning msg="Token: OGU5MZDIMTMTNDI3NY0ZNGEXLWIZOTKTYTDMM2RLYZY4YTQ1\n"
time="2024-07-19T10:00:55Z" level=info msg="User is successfully checked."
time="2024-07-19T10:24:30Z" level=info msg="User successfuly created"
time="2024-07-19T10:24:57Z" level=warning msg="Token: ZWUWNME2ZTKTYMRJZI0ZNJA3LTG0MTCTN2I5NTQ1ZTBHZMNK\n"
time="2024-07-19T10:24:57Z" level=info msg="User is successfully checked."
time="2024-07-19T10:25:47Z" level=info msg="User successfuly update"
time="2024-07-19T10:25:51Z" level=warning msg="Token: ZWUWNME2ZTKTYMRJZI0ZNJA3LTG0MTCTN2I5NTQ1ZTBHZMNK\n"
time="2024-07-19T10:25:51Z" level=info msg="User is successfully checked."
time="2024-07-19T10:37:11Z" level=info msg="Successfully connected to the database."
time="2024-07-19T10:37:31Z" level=info msg="User successfuly update"
time="2024-07-19T10:38:01Z" level=warning msg="Token: YTZIMDC4NZATZWM2NY0ZODJMLTG0YWITMDLKMDI0MZQ4Y2UY\n"
time="2024-07-19T10:38:01Z" level=info msg="User is successfully checked."
time="2024-07-19T10:40:23Z" level=info msg="Successfully connected to the database."
time="2024-07-19T10:40:34Z" level=info msg="User successfuly update"
time="2024-07-19T10:41:08Z" level=warning msg="Token: MGYZN2I3OGUTNMUYMI0ZMJFKLTK2MZQTYMZJY2E3YJQ4NWM3\n"
time="2024-07-19T10:41:08Z" level=info msg="User is successfully checked."
time="2024-07-19T11:11:56Z" level=info msg="Successfully connected to the database."
time="2024-07-19T11:13:30Z" level=info msg="Successfully connected to the database."
time="2024-07-19T11:15:21Z" level=info msg="Successfully connected to the database."
time="2024-07-19T11:19:37Z" level=info msg="Successfully connected to the database."
time="2024-07-19T11:22:15Z" level=info msg="Successfully connected to the database."
time="2024-07-19T11:22:35Z" level=info msg="User successfuly update"
time="2024-07-19T11:23:01Z" level=info msg="Successfully connected to the database."
time="2024-07-19T11:24:36Z" level=info msg="Successfully connected to the database."
time="2024-07-19T11:25:50Z" level=info msg="Successfully connected to the database."
time="2024-07-19T11:29:50Z" level=info msg="Successfully connected to the database."
time="2024-07-19T11:34:35Z" level=info msg="Successfully connected to the database."
time="2024-07-19T11:38:18Z" level=info msg="Successfully connected to the database."
time="2024-07-19T11:39:19Z" level=info msg="Successfully connected to the database."
time="2024-07-19T11:48:32Z" level=info msg="Successfully connected to the database."
time="2024-07-19T11:50:35Z" level=info msg="Successfully connected to the database."
time="2024-07-19T11:54:00Z" level=info msg="Successfully connected to the database."
time="2024-07-19T11:56:47Z" level=info msg="Successfully connected to the database."
time="2024-07-19T11:59:41Z" level=info msg="Successfully connected to the database."
time="2024-07-19T12:01:01Z" level=fatal msg="no connection database : failed to connect to `user=ekaterina database=test_task_sber`:\n\thostname resolving error: lookup postgres on 127.0.0.11:53: no such host\n\tlookup postgres on 127.0.0.11:53: no such host\n"
time="2024-07-19T12:02:09Z" level=info msg="Successfully connected to the database."
time="2024-07-19T12:03:24Z" level=info msg="User successfuly update"
time="2024-07-19T12:18:36Z" level=info msg="User successfuly created"
time="2024-07-19T12:23:20Z" level=info msg="User successfuly update"
time="2024-07-19T12:24:35Z" level=info msg="User successfuly update"
time="2024-07-19T12:26:41Z" level=warning msg="Token: MGYZN2I3OGUTNMUYMI0ZMJFKLTK2MZQTYMZJY2E3YJQ4NWM3\n"
time="2024-07-19T12:26:41Z" level=error msg="HTTP request returned non-200 status: 400, body: invalid access token\n"
time="2024-07-19T12:26:41Z" level=warning msg="Access Denied, by token: HTTP request returned non-200 status: 400\n"
time="2024-07-19T12:27:28Z" level=info msg="User successfuly update"
time="2024-07-19T12:27:32Z" level=warning msg="Token: ZJM0NMZJZWITNMY1OC0ZMJE1LWFJNJUTYZDJMMUXYMU4ODC0\n"
time="2024-07-19T12:27:32Z" level=info msg="User is successfully checked."
time="2024-07-19T12:29:21Z" level=info msg="User successfuly update"
time="2024-07-19T12:29:27Z" level=warning msg="Token: ZJM0NMZJZWITNMY1OC0ZMJE1LWFJNJUTYZDJMMUXYMU4ODC0\n"
time="2024-07-19T12:29:27Z" level=info msg="User is successfully checked."
time="2024-07-19T12:36:41Z" level=info msg="Successfully connected to the database."
